* Starting client
* Connecting to master process on port 15355
* Analyzing classpath: 
  - C:\Users\ADMIN\eclipse-workspace\evosuite_doublyLinkedList\target\test-classes
  - C:\Users\ADMIN\eclipse-workspace\evosuite_doublyLinkedList\target\classes
  - C:\Users\ADMIN\.m2\repository\junit\junit\4.12\junit-4.12.jar
  - C:\Users\ADMIN\.m2\repository\org\hamcrest\hamcrest-core\1.3\hamcrest-core-1.3.jar
* Finished analyzing classpath
* Generating tests for class javaFiles.DoubleLinkedList
* Test criteria:
  - Line Coverage
  - Branch Coverage
  - Exception
  - Mutation testing (weak)
  - Method-Output Coverage
  - Top-Level Method Coverage
  - No-Exception Top-Level Method Coverage
  - Context Branch Coverage
* Setting up search algorithm for whole suite generation
[MASTER] 18:55:03.175 [pool-2-thread-1] WARN  TestSuiteSerialization - Cannot load tests because file does not exist: C:\Users\ADMIN\eclipse-workspace\evosuite_doublyLinkedList\.evosuite\evosuite-seeds\javaFiles.DoubleLinkedList.seed
* Loaded 0 tests from C:\Users\ADMIN\eclipse-workspace\evosuite_doublyLinkedList\.evosuite\evosuite-seeds\javaFiles.DoubleLinkedList.seed
* Total number of test goals: 
  - Line 48
  - Branch 48
  - Exception 0
  - MutationFactory 44
  - Output 52
  - Method 40
  - MethodNoException 40
  - CBranchFitnessFactory 48
* Using seed 1639007682517
* Starting evolution
[MASTER] 18:55:04.185 [pool-2-thread-1] WARN  TimeController - Phase INITIALIZATION lasted too long, 11 seconds more than allowed.
* Search finished after 67s and 126 generations, 2927 statements, best individual has fitness: 360.31111111111113
* Writing sequences to pool
* Minimizing test suite
* Going to analyze the coverage criteria
* Coverage analysis for criterion LINE
* Coverage of criterion LINE: 0%
* Total number of goals: 48
* Number of covered goals: 0
* Coverage analysis for criterion BRANCH
* Coverage of criterion BRANCH: 4%
* Total number of goals: 48
* Number of covered goals: 2
* Coverage analysis for criterion EXCEPTION
* Coverage of criterion EXCEPTION: 100%
* Total number of goals: 2
* Number of covered goals: 2
* Coverage analysis for criterion WEAKMUTATION
* Coverage of criterion WEAKMUTATION: 0%
* Total number of goals: 44
* Number of covered goals: 0
* Coverage analysis for criterion OUTPUT
* Coverage of criterion OUTPUT: 0%
* Total number of goals: 52
* Number of covered goals: 0
* Coverage analysis for criterion METHOD
* Coverage of criterion METHOD: 5%
* Total number of goals: 40
* Number of covered goals: 2
* Coverage analysis for criterion METHODNOEXCEPTION
* Coverage of criterion METHODNOEXCEPTION: 0%
* Total number of goals: 40
* Number of covered goals: 0
* Coverage analysis for criterion CBRANCH
* Coverage of criterion CBRANCH: 0%
* Total number of goals: 48
* Number of covered goals: 0
* Generated 2 tests with total length 2
* Resulting test suite's coverage: 14% (average coverage for all fitness functions)
* Generating assertions
* Resulting test suite's mutation score: 0%
* Compiling and checking tests
[MASTER] 18:56:25.922 [pool-2-thread-1] WARN  TestSuiteGenerator - JUnit checking timed out
[MASTER] 18:56:25.923 [pool-2-thread-1] WARN  TimeController - Phase JUNIT_CHECK lasted too long, 2 seconds more than allowed.
* Writing JUnit test case 'DoubleLinkedList_ESTest' to C:\Users\ADMIN\eclipse-workspace\evosuite_doublyLinkedList\.evosuite\tmp_2021_12_08_18_54_29\tests
* Done!

