* Starting client
* Connecting to master process on port 4110
* Analyzing classpath: 
  - C:\Users\ADMIN\eclipse-workspace\evosuite_binaryHeap\target\test-classes
  - C:\Users\ADMIN\eclipse-workspace\evosuite_binaryHeap\target\classes
  - C:\Users\ADMIN\.m2\repository\junit\junit\4.12\junit-4.12.jar
  - C:\Users\ADMIN\.m2\repository\org\hamcrest\hamcrest-core\1.3\hamcrest-core-1.3.jar
* Finished analyzing classpath
* Generating tests for class intelement.BinaryHeap
* Test criteria:
  - Line Coverage
  - Branch Coverage
  - Exception
  - Mutation testing (weak)
  - Method-Output Coverage
  - Top-Level Method Coverage
  - No-Exception Top-Level Method Coverage
  - Context Branch Coverage
* Setting up search algorithm for whole suite generation
[MASTER] 19:46:54.443 [pool-2-thread-1] WARN  TestSuiteSerialization - Cannot load tests because file does not exist: C:\Users\ADMIN\eclipse-workspace\evosuite_binaryHeap\.evosuite\evosuite-seeds\intelement.BinaryHeap.seed
* Loaded 0 tests from C:\Users\ADMIN\eclipse-workspace\evosuite_binaryHeap\.evosuite\evosuite-seeds\intelement.BinaryHeap.seed
* Total number of test goals: 
  - Line 68
  - Branch 55
  - Exception 0
  - MutationFactory 481
  - Output 12
  - Method 10
  - MethodNoException 10
  - CBranchFitnessFactory 55
* Using seed 1639010793549
* Starting evolution
[MASTER] 19:46:56.120 [pool-2-thread-1] WARN  TimeController - Phase INITIALIZATION lasted too long, 12 seconds more than allowed.
* Search finished after 85s and 0 generations, 48 statements, best individual has fitness: 621.4777777777778
* Writing sequences to pool
[MASTER] 19:48:19.801 [pool-2-thread-1] WARN  TimeController - Phase SEARCH lasted too long, 19 seconds more than allowed.
* Minimizing test suite
* Going to analyze the coverage criteria
* Coverage analysis for criterion LINE
* Coverage of criterion LINE: 35%
* Total number of goals: 68
* Number of covered goals: 24
* Coverage analysis for criterion BRANCH
* Coverage of criterion BRANCH: 27%
* Total number of goals: 55
* Number of covered goals: 15
* Coverage analysis for criterion EXCEPTION
* Coverage of criterion EXCEPTION: 100%
* Total number of goals: 2
* Number of covered goals: 2
* Coverage analysis for criterion WEAKMUTATION
* Coverage of criterion WEAKMUTATION: 14%
* Total number of goals: 481
* Number of covered goals: 67
* Coverage analysis for criterion OUTPUT
* Coverage of criterion OUTPUT: 33%
* Total number of goals: 12
* Number of covered goals: 4
* Coverage analysis for criterion METHOD
* Coverage of criterion METHOD: 80%
* Total number of goals: 10
* Number of covered goals: 8
* Coverage analysis for criterion METHODNOEXCEPTION
* Coverage of criterion METHODNOEXCEPTION: 80%
* Total number of goals: 10
* Number of covered goals: 8
* Coverage analysis for criterion CBRANCH
* Coverage of criterion CBRANCH: 24%
* Total number of goals: 55
* Number of covered goals: 13
* Generated 8 tests with total length 15
* Resulting test suite's coverage: 47% (average coverage for all fitness functions)
* Generating assertions
[MASTER] 19:48:24.512 [pool-2-thread-1] WARN  TimeController - Current phase ASSERTION_GENERATION could run up to 9s, but only 7s are left
[MASTER] 19:48:30.606 [pool-2-thread-1] WARN  SimpleMutationAssertionGenerator - Assertion minimization is taking too long (0.6771111111111111% of time used, but only 3/8 tests minimized), falling back to using all assertions
* Resulting test suite's mutation score: 5%
* Compiling and checking tests
[MASTER] 19:48:30.859 [pool-2-thread-1] WARN  TimeController - Current phase JUNIT_CHECK could run up to 9s, but only 1s are left
[MASTER] 19:48:30.861 [pool-2-thread-1] WARN  TimeController - Current phase WRITING_TESTS could run up to 9s, but only 1s are left
* Writing JUnit test case 'BinaryHeap_ESTest' to C:\Users\ADMIN\eclipse-workspace\evosuite_binaryHeap\.evosuite\tmp_2021_12_08_19_46_19\tests
* Done!

