* Starting client
* Connecting to master process on port 18888
* Analyzing classpath: 
  - C:\Users\ADMIN\eclipse-workspace\evosuite_doublyLinkedList\target\test-classes
  - C:\Users\ADMIN\eclipse-workspace\evosuite_doublyLinkedList\target\classes
  - C:\Users\ADMIN\.m2\repository\junit\junit\4.12\junit-4.12.jar
  - C:\Users\ADMIN\.m2\repository\org\hamcrest\hamcrest-core\1.3\hamcrest-core-1.3.jar
* Finished analyzing classpath
* Generating tests for class DoubleLinkedList
* Test criteria:
  - Line Coverage
  - Branch Coverage
  - Exception
  - Mutation testing (weak)
  - Method-Output Coverage
  - Top-Level Method Coverage
  - No-Exception Top-Level Method Coverage
  - Context Branch Coverage
* Setting up search algorithm for whole suite generation
[MASTER] 18:55:04.663 [pool-2-thread-1] WARN  TestSuiteSerialization - Cannot load tests because file does not exist: C:\Users\ADMIN\eclipse-workspace\evosuite_doublyLinkedList\.evosuite\evosuite-seeds\DoubleLinkedList.seed
* Loaded 0 tests from C:\Users\ADMIN\eclipse-workspace\evosuite_doublyLinkedList\.evosuite\evosuite-seeds\DoubleLinkedList.seed
* Total number of test goals: 
  - Line 237
  - Branch 139
  - Exception 0
  - MutationFactory 591
  - Output 52
  - Method 40
  - MethodNoException 40
  - CBranchFitnessFactory 139
* Using seed 1639007682694
* Starting evolution
[MASTER] 18:55:05.974 [pool-2-thread-1] WARN  TimeController - Phase INITIALIZATION lasted too long, 13 seconds more than allowed.
* Search finished after 69s and 7 generations, 1730 statements, best individual has fitness: 652.0533256880734
* Writing sequences to pool
* Minimizing test suite
[MASTER] 18:56:26.196 [pool-2-thread-1] WARN  TestSuiteMinimizer - Minimization timeout. Roll back to original test suite
* Going to analyze the coverage criteria
* Coverage analysis for criterion LINE
* Coverage of criterion LINE: 55%
* Total number of goals: 237
* Number of covered goals: 130
* Coverage analysis for criterion BRANCH
* Coverage of criterion BRANCH: 55%
* Total number of goals: 139
* Number of covered goals: 76
* Coverage analysis for criterion EXCEPTION
* Coverage of criterion EXCEPTION: 100%
* Total number of goals: 15
* Number of covered goals: 15
* Coverage analysis for criterion WEAKMUTATION
* Coverage of criterion WEAKMUTATION: 48%
* Total number of goals: 591
* Number of covered goals: 286
* Coverage analysis for criterion OUTPUT
* Coverage of criterion OUTPUT: 48%
* Total number of goals: 52
* Number of covered goals: 25
* Coverage analysis for criterion METHOD
* Coverage of criterion METHOD: 70%
* Total number of goals: 40
* Number of covered goals: 28
* Coverage analysis for criterion METHODNOEXCEPTION
* Coverage of criterion METHODNOEXCEPTION: 57%
* Total number of goals: 40
* Number of covered goals: 23
* Coverage analysis for criterion CBRANCH
* Coverage of criterion CBRANCH: 53%
* Total number of goals: 139
* Number of covered goals: 74
* Generated 58 tests with total length 968
* Resulting test suite's coverage: 61% (average coverage for all fitness functions)
* Generating assertions
[MASTER] 18:56:36.217 [pool-2-thread-1] WARN  SimpleMutationAssertionGenerator - Reached maximum time to generate assertions, aborting assertion generation
* Resulting test suite's mutation score: 4%
* Compiling and checking tests
[MASTER] 18:56:36.444 [pool-2-thread-1] WARN  TimeController - Current phase JUNIT_CHECK could run up to 9s, but only 6s are left
[MASTER] 18:56:42.584 [pool-2-thread-1] WARN  TestSuiteGenerator - JUnit checking timed out
[MASTER] 18:56:42.586 [pool-2-thread-1] WARN  TimeController - Current phase WRITING_TESTS could run up to 9s, but only 0s are left
* Writing JUnit test case 'DoubleLinkedList_ESTest' to C:\Users\ADMIN\eclipse-workspace\evosuite_doublyLinkedList\.evosuite\tmp_2021_12_08_18_54_29\tests
* Done!

