* Starting client
* Connecting to master process on port 20096
* Analyzing classpath: 
  - C:\Users\ADMIN\eclipse-workspace\evosuite_binary_search_tree\target\test-classes
  - C:\Users\ADMIN\eclipse-workspace\evosuite_binary_search_tree\target\classes
  - C:\Users\ADMIN\.m2\repository\junit\junit\4.12\junit-4.12.jar
  - C:\Users\ADMIN\.m2\repository\org\hamcrest\hamcrest-core\1.3\hamcrest-core-1.3.jar
* Finished analyzing classpath
* Generating tests for class intkey.Range
* Test criteria:
  - Line Coverage
  - Branch Coverage
  - Exception
  - Mutation testing (weak)
  - Method-Output Coverage
  - Top-Level Method Coverage
  - No-Exception Top-Level Method Coverage
  - Context Branch Coverage
* Setting up search algorithm for whole suite generation
[MASTER] 13:15:59.796 [pool-2-thread-1] WARN  TestSuiteSerialization - Cannot load tests because file does not exist: C:\Users\ADMIN\eclipse-workspace\evosuite_binary_search_tree\.evosuite\evosuite-seeds\intkey.Range.seed
* Loaded 0 tests from C:\Users\ADMIN\eclipse-workspace\evosuite_binary_search_tree\.evosuite\evosuite-seeds\intkey.Range.seed
* Total number of test goals: 
  - Line 18
  - Branch 23
  - Exception 0
  - MutationFactory 100
  - Output 6
  - Method 4
  - MethodNoException 4
  - CBranchFitnessFactory 23
* Using seed 1639073733230
* Starting evolution
[MASTER] 13:16:00.655 [pool-2-thread-1] WARN  TimeController - Phase INITIALIZATION lasted too long, 14 seconds more than allowed.
* Search finished after 73s and 72 generations, 29558 statements, best individual has fitness: 7.333333333333334
* Writing sequences to pool
* Minimizing test suite
* Going to analyze the coverage criteria
* Coverage analysis for criterion LINE
* Coverage of criterion LINE: 100%
* Total number of goals: 18
* Number of covered goals: 18
* Coverage analysis for criterion BRANCH
* Coverage of criterion BRANCH: 91%
* Total number of goals: 23
* Number of covered goals: 21
* Coverage analysis for criterion EXCEPTION
* Coverage of criterion EXCEPTION: 100%
* Total number of goals: 2
* Number of covered goals: 2
* Coverage analysis for criterion WEAKMUTATION
* Coverage of criterion WEAKMUTATION: 100%
* Total number of goals: 100
* Number of covered goals: 100
* Coverage analysis for criterion OUTPUT
* Coverage of criterion OUTPUT: 67%
* Total number of goals: 6
* Number of covered goals: 4
* Coverage analysis for criterion METHOD
* Coverage of criterion METHOD: 100%
* Total number of goals: 4
* Number of covered goals: 4
* Coverage analysis for criterion METHODNOEXCEPTION
* Coverage of criterion METHODNOEXCEPTION: 100%
* Total number of goals: 4
* Number of covered goals: 4
* Coverage analysis for criterion CBRANCH
* Coverage of criterion CBRANCH: 91%
* Total number of goals: 23
* Number of covered goals: 21
* Generated 12 tests with total length 38
* Resulting test suite's coverage: 94% (average coverage for all fitness functions)
* Generating assertions
* Resulting test suite's mutation score: 61%
* Compiling and checking tests
[MASTER] 13:17:56.288 [pool-2-thread-1] WARN  TestSuiteGenerator - JUnit checking timed out
[MASTER] 13:17:56.336 [pool-2-thread-1] WARN  TimeController - Phase JUNIT_CHECK lasted too long, 9 seconds more than allowed.
[MASTER] 13:17:56.342 [pool-2-thread-1] WARN  TimeController - Current phase WRITING_TESTS could run up to 12s, but only 2s are left
* Writing JUnit test case 'Range_ESTest' to C:\Users\ADMIN\eclipse-workspace\evosuite_binary_search_tree\.evosuite\tmp_2021_12_09_13_15_13\tests
* Done!

