* Starting client
* Connecting to master process on port 17823
* Analyzing classpath: 
  - C:\Users\ADMIN\eclipse-workspace\evosuite-arrayPartition\target\test-classes
  - C:\Users\ADMIN\eclipse-workspace\evosuite-arrayPartition\target\classes
  - C:\Users\ADMIN\.m2\repository\junit\junit\4.12\junit-4.12.jar
  - C:\Users\ADMIN\.m2\repository\org\hamcrest\hamcrest-core\1.3\hamcrest-core-1.3.jar
* Finished analyzing classpath
* Generating tests for class intelement.ArrayPartition
* Test criteria:
  - Line Coverage
  - Branch Coverage
  - Exception
  - Mutation testing (weak)
  - Method-Output Coverage
  - Top-Level Method Coverage
  - No-Exception Top-Level Method Coverage
  - Context Branch Coverage
* Setting up search algorithm for whole suite generation
* Loaded 22 tests from C:\Users\ADMIN\eclipse-workspace\evosuite-arrayPartition\.evosuite\evosuite-seeds\intelement.ArrayPartition.seed
* Total number of test goals: 
  - Line 21
  - Branch 21
  - Exception 0
  - MutationFactory 159
  - Output 2
  - Method 3
  - MethodNoException 3
  - CBranchFitnessFactory 21
* Using seed 1639003494267
* Starting evolution
[MASTER] 17:45:24.424 [pool-2-thread-1] WARN  TimeController - Phase INITIALIZATION lasted too long, 20 seconds more than allowed.
* Search finished after 67s and 55 generations, 35969 statements, best individual has fitness: 1.25
* Writing sequences to pool
* Minimizing test suite
* Going to analyze the coverage criteria
* Coverage analysis for criterion LINE
* Coverage of criterion LINE: 100%
* Total number of goals: 21
* Number of covered goals: 21
* Coverage analysis for criterion BRANCH
* Coverage of criterion BRANCH: 100%
* Total number of goals: 21
* Number of covered goals: 21
* Coverage analysis for criterion EXCEPTION
* Coverage of criterion EXCEPTION: 100%
* Total number of goals: 3
* Number of covered goals: 3
* Coverage analysis for criterion WEAKMUTATION
* Coverage of criterion WEAKMUTATION: 99%
* Total number of goals: 159
* Number of covered goals: 157
* Coverage analysis for criterion OUTPUT
* Coverage of criterion OUTPUT: 100%
* Total number of goals: 2
* Number of covered goals: 2
* Coverage analysis for criterion METHOD
* Coverage of criterion METHOD: 100%
* Total number of goals: 3
* Number of covered goals: 3
* Coverage analysis for criterion METHODNOEXCEPTION
* Coverage of criterion METHODNOEXCEPTION: 100%
* Total number of goals: 3
* Number of covered goals: 3
* Coverage analysis for criterion CBRANCH
* Coverage of criterion CBRANCH: 100%
* Total number of goals: 21
* Number of covered goals: 21
* Generated 10 tests with total length 56
* Resulting test suite's coverage: 100% (average coverage for all fitness functions)
* Generating assertions
[MASTER] 17:46:53.152 [pool-2-thread-1] WARN  SimpleMutationAssertionGenerator - Reached maximum time to generate assertions, aborting assertion generation
* Resulting test suite's mutation score: 4%
* Compiling and checking tests
[MASTER] 17:46:53.291 [pool-2-thread-1] WARN  TimeController - Phase ASSERTION_GENERATION lasted too long, 1 seconds more than allowed.
[MASTER] 17:46:53.292 [pool-2-thread-1] WARN  TimeController - Current phase JUNIT_CHECK could run up to 9s, but only 0s are left
[MASTER] 17:46:53.295 [pool-2-thread-1] WARN  TimeController - Current phase WRITING_TESTS could run up to 9s, but only 0s are left
* Writing JUnit test case 'ArrayPartition_ESTest' to C:\Users\ADMIN\eclipse-workspace\evosuite-arrayPartition\.evosuite\tmp_2021_12_08_17_44_38\tests
* Done!

