* Starting client
* Connecting to master process on port 2197
* Analyzing classpath: 
  - C:\Users\ADMIN\eclipse-workspace\evosuite_binary_search_tree\target\test-classes
  - C:\Users\ADMIN\eclipse-workspace\evosuite_binary_search_tree\target\classes
  - C:\Users\ADMIN\.m2\repository\junit\junit\4.12\junit-4.12.jar
  - C:\Users\ADMIN\.m2\repository\org\hamcrest\hamcrest-core\1.3\hamcrest-core-1.3.jar
* Finished analyzing classpath
* Generating tests for class intkey.BinaryNode
* Test criteria:
  - Line Coverage
  - Branch Coverage
  - Exception
  - Mutation testing (weak)
  - Method-Output Coverage
  - Top-Level Method Coverage
  - No-Exception Top-Level Method Coverage
  - Context Branch Coverage
* Setting up search algorithm for whole suite generation
[MASTER] 13:20:01.653 [pool-2-thread-1] WARN  TestSuiteSerialization - Cannot load tests because file does not exist: C:\Users\ADMIN\eclipse-workspace\evosuite_binary_search_tree\.evosuite\evosuite-seeds\intkey.BinaryNode.seed
* Loaded 0 tests from C:\Users\ADMIN\eclipse-workspace\evosuite_binary_search_tree\.evosuite\evosuite-seeds\intkey.BinaryNode.seed
* Total number of test goals: 
  - Line 8
  - Branch 3
  - Exception 0
  - MutationFactory 0
  - Output 0
  - Method 3
  - MethodNoException 3
  - CBranchFitnessFactory 3
* Using seed 1639073971691
* Starting evolution
[MASTER] 13:20:03.927 [pool-2-thread-1] WARN  TimeController - Phase INITIALIZATION lasted too long, 25 seconds more than allowed.
[MASTER] 13:20:03.932 [pool-2-thread-1] WARN  TimeController - Current phase SEARCH could run up to 30s, but only 29s are left
* Search finished after 19s and 0 generations, 5410 statements, best individual has fitness: 1.0
* Writing sequences to pool
* Minimizing test suite
* Going to analyze the coverage criteria
* Coverage analysis for criterion LINE
* Coverage of criterion LINE: 100%
* Total number of goals: 8
* Number of covered goals: 8
* Coverage analysis for criterion BRANCH
* Coverage of criterion BRANCH: 100%
* Total number of goals: 3
* Number of covered goals: 3
* Coverage analysis for criterion EXCEPTION
* Coverage of criterion EXCEPTION: 100% (no goals)
* Coverage analysis for criterion WEAKMUTATION
* Coverage of criterion WEAKMUTATION: 100% (no goals)
* Coverage analysis for criterion OUTPUT
* Coverage of criterion OUTPUT: 100% (no goals)
* Coverage analysis for criterion METHOD
* Coverage of criterion METHOD: 100%
* Total number of goals: 3
* Number of covered goals: 3
* Coverage analysis for criterion METHODNOEXCEPTION
* Coverage of criterion METHODNOEXCEPTION: 100%
* Total number of goals: 3
* Number of covered goals: 3
* Coverage analysis for criterion CBRANCH
* Coverage of criterion CBRANCH: 100%
* Total number of goals: 3
* Number of covered goals: 3
* Generated 2 tests with total length 3
* Resulting test suite's coverage: 100% (average coverage for all fitness functions)
* Generating assertions
* Resulting test suite's mutation score: 0%
* Compiling and checking tests
[MASTER] 13:20:34.229 [pool-2-thread-1] WARN  TestSuiteGenerator - JUnit checking timed out
[MASTER] 13:20:34.232 [pool-2-thread-1] WARN  TimeController - Phase JUNIT_CHECK lasted too long, 5 seconds more than allowed.
[MASTER] 13:20:34.232 [pool-2-thread-1] WARN  TimeController - Current phase WRITING_TESTS could run up to 5s, but only 0s are left
* Writing JUnit test case 'BinaryNode_ESTest' to C:\Users\ADMIN\eclipse-workspace\evosuite_binary_search_tree\.evosuite\tmp_2021_12_09_13_15_13\tests
* Done!

