* Starting client
* Connecting to master process on port 6235
* Analyzing classpath: 
  - C:\Users\ADMIN\eclipse-workspace\evosuite_sorting\target\test-classes
  - C:\Users\ADMIN\eclipse-workspace\evosuite_sorting\target\classes
  - C:\Users\ADMIN\.m2\repository\junit\junit\4.12\junit-4.12.jar
  - C:\Users\ADMIN\.m2\repository\org\hamcrest\hamcrest-core\1.3\hamcrest-core-1.3.jar
* Finished analyzing classpath
* Generating tests for class intelement.Sort
* Test criteria:
  - Line Coverage
  - Branch Coverage
  - Exception
  - Mutation testing (weak)
  - Method-Output Coverage
  - Top-Level Method Coverage
  - No-Exception Top-Level Method Coverage
  - Context Branch Coverage
* Setting up search algorithm for whole suite generation
[MASTER] 21:17:18.759 [pool-2-thread-1] WARN  TestSuiteSerialization - Cannot load tests because file does not exist: C:\Users\ADMIN\eclipse-workspace\evosuite_sorting\.evosuite\evosuite-seeds\intelement.Sort.seed
* Loaded 0 tests from C:\Users\ADMIN\eclipse-workspace\evosuite_sorting\.evosuite\evosuite-seeds\intelement.Sort.seed
* Total number of test goals: 
  - Line 95
  - Branch 70
  - Exception 0
  - MutationFactory 741
  - Output 0
  - Method 8
  - MethodNoException 8
  - CBranchFitnessFactory 70
* Using seed 1639016223754
* Starting evolution
[MASTER] 21:17:19.438 [pool-2-thread-1] WARN  TimeController - Phase INITIALIZATION lasted too long, 9 seconds more than allowed.
* Search finished after 33s and 14 generations, 8295 statements, best individual has fitness: 98.77777777777777
* Writing sequences to pool
[MASTER] 21:17:54.141 [pool-2-thread-1] WARN  TimeController - Phase SEARCH lasted too long, 4 seconds more than allowed.
* Minimizing test suite
[MASTER] 21:17:59.437 [pool-2-thread-1] WARN  TestSuiteMinimizer - Minimization timeout. Roll back to original test suite
* Going to analyze the coverage criteria
* Coverage analysis for criterion LINE
* Coverage of criterion LINE: 95%
* Total number of goals: 95
* Number of covered goals: 90
* Coverage analysis for criterion BRANCH
* Coverage of criterion BRANCH: 89%
* Total number of goals: 70
* Number of covered goals: 62
* Coverage analysis for criterion EXCEPTION
* Coverage of criterion EXCEPTION: 100%
* Total number of goals: 8
* Number of covered goals: 8
* Coverage analysis for criterion WEAKMUTATION
* Coverage of criterion WEAKMUTATION: 93%
* Total number of goals: 741
* Number of covered goals: 690
* Coverage analysis for criterion OUTPUT
* Coverage of criterion OUTPUT: 100% (no goals)
* Coverage analysis for criterion METHOD
* Coverage of criterion METHOD: 100%
* Total number of goals: 8
* Number of covered goals: 8
* Coverage analysis for criterion METHODNOEXCEPTION
* Coverage of criterion METHODNOEXCEPTION: 100%
* Total number of goals: 8
* Number of covered goals: 8
* Coverage analysis for criterion CBRANCH
* Coverage of criterion CBRANCH: 67%
* Total number of goals: 70
* Number of covered goals: 47
* Generated 29 tests with total length 357
* Resulting test suite's coverage: 93% (average coverage for all fitness functions)
* Generating assertions
[MASTER] 21:18:00.369 [pool-2-thread-1] WARN  TimeController - Current phase ASSERTION_GENERATION could run up to 5s, but only 4s are left
[MASTER] 21:18:04.725 [pool-2-thread-1] WARN  SimpleMutationAssertionGenerator - Reached maximum time to generate assertions, aborting assertion generation
* Resulting test suite's mutation score: 0%
* Compiling and checking tests
[MASTER] 21:18:04.985 [pool-2-thread-1] WARN  TimeController - Current phase JUNIT_CHECK could run up to 5s, but only 0s are left
[MASTER] 21:18:04.988 [pool-2-thread-1] WARN  TimeController - Current phase WRITING_TESTS could run up to 5s, but only 0s are left
* Writing JUnit test case 'Sort_ESTest' to C:\Users\ADMIN\eclipse-workspace\evosuite_sorting\.evosuite\tmp_2021_12_08_21_16_50\tests
* Done!

