* Starting client
* Connecting to master process on port 19242
* Analyzing classpath: 
  - C:\Users\ADMIN\eclipse-workspace\evosuite_binary_search_tree\target\test-classes
  - C:\Users\ADMIN\eclipse-workspace\evosuite_binary_search_tree\target\classes
  - C:\Users\ADMIN\.m2\repository\junit\junit\4.12\junit-4.12.jar
  - C:\Users\ADMIN\.m2\repository\org\hamcrest\hamcrest-core\1.3\hamcrest-core-1.3.jar
* Finished analyzing classpath
* Generating tests for class intkey.BinarySearchTree
* Test criteria:
  - Line Coverage
  - Branch Coverage
  - Exception
  - Mutation testing (weak)
  - Method-Output Coverage
  - Top-Level Method Coverage
  - No-Exception Top-Level Method Coverage
  - Context Branch Coverage
* Setting up search algorithm for whole suite generation
[MASTER] 13:16:00.001 [pool-2-thread-1] WARN  TestSuiteSerialization - Cannot load tests because file does not exist: C:\Users\ADMIN\eclipse-workspace\evosuite_binary_search_tree\.evosuite\evosuite-seeds\intkey.BinarySearchTree.seed
* Loaded 0 tests from C:\Users\ADMIN\eclipse-workspace\evosuite_binary_search_tree\.evosuite\evosuite-seeds\intkey.BinarySearchTree.seed
* Total number of test goals: 
  - Line 81
  - Branch 69
  - Exception 0
  - MutationFactory 215
  - Output 24
  - Method 17
  - MethodNoException 17
  - CBranchFitnessFactory 69
* Using seed 1639073733117
* Starting evolution
[MASTER] 13:16:00.985 [pool-2-thread-1] WARN  TimeController - Phase INITIALIZATION lasted too long, 4 seconds more than allowed.
* Search finished after 148s and 34 generations, 8521 statements, best individual has fitness: 407.95150134952763
* Writing sequences to pool
* Minimizing test suite
* Going to analyze the coverage criteria
* Coverage analysis for criterion LINE
* Coverage of criterion LINE: 42%
* Total number of goals: 81
* Number of covered goals: 34
* Coverage analysis for criterion BRANCH
* Coverage of criterion BRANCH: 35%
* Total number of goals: 69
* Number of covered goals: 24
* Coverage analysis for criterion EXCEPTION
* Coverage of criterion EXCEPTION: 100%
* Total number of goals: 12
* Number of covered goals: 12
* Coverage analysis for criterion WEAKMUTATION
* Coverage of criterion WEAKMUTATION: 29%
* Total number of goals: 215
* Number of covered goals: 62
* Coverage analysis for criterion OUTPUT
* Coverage of criterion OUTPUT: 17%
* Total number of goals: 24
* Number of covered goals: 4
* Coverage analysis for criterion METHOD
* Coverage of criterion METHOD: 100%
* Total number of goals: 17
* Number of covered goals: 17
* Coverage analysis for criterion METHODNOEXCEPTION
* Coverage of criterion METHODNOEXCEPTION: 35%
* Total number of goals: 17
* Number of covered goals: 6
* Coverage analysis for criterion CBRANCH
* Coverage of criterion CBRANCH: 35%
* Total number of goals: 69
* Number of covered goals: 24
* Generated 18 tests with total length 41
* Resulting test suite's coverage: 49% (average coverage for all fitness functions)
* Generating assertions
* Resulting test suite's mutation score: 6%
* Compiling and checking tests
[MASTER] 13:19:08.964 [pool-2-thread-1] WARN  TestSuiteGenerator - JUnit checking timed out
* Writing JUnit test case 'BinarySearchTree_ESTest' to C:\Users\ADMIN\eclipse-workspace\evosuite_binary_search_tree\.evosuite\tmp_2021_12_09_13_15_13\tests
* Done!

