* Starting client
* Connecting to master process on port 8757
* Analyzing classpath: 
  - C:\Users\ADMIN\eclipse-workspace\evosuite_disjoint\target\test-classes
  - C:\Users\ADMIN\eclipse-workspace\evosuite_disjoint\target\classes
  - C:\Users\ADMIN\.m2\repository\junit\junit\4.12\junit-4.12.jar
  - C:\Users\ADMIN\.m2\repository\org\hamcrest\hamcrest-core\1.3\hamcrest-core-1.3.jar
* Finished analyzing classpath
* Generating tests for class fast.DisjSetsFast
* Test criteria:
  - Line Coverage
  - Branch Coverage
  - Exception
  - Mutation testing (weak)
  - Method-Output Coverage
  - Top-Level Method Coverage
  - No-Exception Top-Level Method Coverage
  - Context Branch Coverage
* Setting up search algorithm for whole suite generation
[MASTER] 19:14:02.781 [pool-2-thread-1] WARN  TestSuiteSerialization - Cannot load tests because file does not exist: C:\Users\ADMIN\eclipse-workspace\evosuite_disjoint\.evosuite\evosuite-seeds\fast.DisjSetsFast.seed
* Loaded 0 tests from C:\Users\ADMIN\eclipse-workspace\evosuite_disjoint\.evosuite\evosuite-seeds\fast.DisjSetsFast.seed
* Total number of test goals: 
  - Line 53
  - Branch 39
  - Exception 0
  - MutationFactory 389
  - Output 10
  - Method 7
  - MethodNoException 7
  - CBranchFitnessFactory 39
* Using seed 1639008821400
* Starting evolution
[MASTER] 19:14:03.501 [pool-2-thread-1] WARN  TimeController - Phase INITIALIZATION lasted too long, 12 seconds more than allowed.
* Search finished after 70s and 0 generations, 1254 statements, best individual has fitness: 157.60909090909092
* Writing sequences to pool
* Minimizing test suite
[MASTER] 19:15:30.832 [pool-2-thread-1] WARN  TestSuiteMinimizer - Minimization timeout. Roll back to original test suite
* Going to analyze the coverage criteria
* Coverage analysis for criterion LINE
* Coverage of criterion LINE: 81%
* Total number of goals: 53
* Number of covered goals: 43
* Coverage analysis for criterion BRANCH
* Coverage of criterion BRANCH: 64%
* Total number of goals: 39
* Number of covered goals: 25
* Coverage analysis for criterion EXCEPTION
* Coverage of criterion EXCEPTION: 100%
* Total number of goals: 4
* Number of covered goals: 4
* Coverage analysis for criterion WEAKMUTATION
* Coverage of criterion WEAKMUTATION: 73%
* Total number of goals: 389
* Number of covered goals: 285
* Coverage analysis for criterion OUTPUT
* Coverage of criterion OUTPUT: 60%
* Total number of goals: 10
* Number of covered goals: 6
* Coverage analysis for criterion METHOD
* Coverage of criterion METHOD: 100%
* Total number of goals: 7
* Number of covered goals: 7
* Coverage analysis for criterion METHODNOEXCEPTION
* Coverage of criterion METHODNOEXCEPTION: 100%
* Total number of goals: 7
* Number of covered goals: 7
* Coverage analysis for criterion CBRANCH
* Coverage of criterion CBRANCH: 62%
* Total number of goals: 39
* Number of covered goals: 24
* Generated 17 tests with total length 367
* Resulting test suite's coverage: 79% (average coverage for all fitness functions)
* Generating assertions
[MASTER] 19:15:43.141 [pool-2-thread-1] WARN  TimeController - Current phase ASSERTION_GENERATION could run up to 9s, but only -3s are left
* Skipping assertion generation because not enough time is left
* Compiling and checking tests
[MASTER] 19:15:43.279 [pool-2-thread-1] WARN  TimeController - Current phase JUNIT_CHECK could run up to 9s, but only -3s are left
[MASTER] 19:15:43.283 [pool-2-thread-1] WARN  TimeController - Current phase WRITING_TESTS could run up to 9s, but only -3s are left
* Writing JUnit test case 'DisjSetsFast_ESTest' to C:\Users\ADMIN\eclipse-workspace\evosuite_disjoint\.evosuite\tmp_2021_12_08_19_13_27\tests
* Done!

